<?xml version="1.0" encoding="UTF-8"?>
<Site BuildName="Linux-g++"
	BuildStamp="20230924-1903-Experimental"
	Name="DESKTOP-TJPEJ9C"
	Generator="ctest-3.16.3"
	CompilerName="/usr/bin/g++"
	CompilerVersion="9.4.0"
	OSName="Linux"
	Hostname="DESKTOP-TJPEJ9C"
	OSRelease="5.10.16.3-microsoft-standard-WSL2"
	OSVersion="#1 SMP Fri Apr 2 22:23:49 UTC 2021"
	OSPlatform="x86_64"
	Is64Bits="1"
	VendorString="AuthenticAMD"
	VendorID="Advanced Micro Devices"
	FamilyID="21"
	ModelID="16"
	ProcessorCacheSize="1024"
	NumberOfLogicalCPU="2"
	NumberOfPhysicalCPU="1"
	TotalVirtualMemory="2048"
	TotalPhysicalMemory="6305"
	LogicalProcessorsPerPhysical="2"
	ProcessorClockFrequency="3215.99"
	>
	<Testing>
		<StartDateTime>Sep 24 22:38 MSK</StartDateTime>
		<StartTestTime>1695584282</StartTestTime>
		<TestList/>
		<EndDateTime>Sep 24 22:38 MSK</EndDateTime>
		<EndTestTime>1695584282</EndTestTime>
		<ElapsedMinutes>0</ElapsedMinutes>
	</Testing>
</Site>
